2024/04/05 06:52:21 [2024-04-05 06:52:21][] Unknown error occurred
%!(EXTRA string=Error)
2024/04/05 06:53:42 [2024-04-05 06:53:42][] Unknown error occurred
%!(EXTRA string=Error)
2024/04/05 06:54:34 [2024-04-05 06:54:34][] Unknown error occurred
%!(EXTRA string=Error)
2024/04/05 06:55:40 [2024-04-05 06:55:40][] Unknown error occurred
%!(EXTRA string=Error)
2024/04/05 06:58:31 [2024-04-05 06:58:31][] Unknown error occurred
%!(EXTRA string=Error)
2024/04/05 06:59:28 [2024-04-05 06:59:28][] Unknown error occurred
%!(EXTRA string=Error)
2024/04/05 07:01:37 [2024-04-05 07:01:37][] Unknown error occurred
%!(EXTRA string=Error)
2024/04/05 07:02:27 [2024-04-05 07:02:27][] Unknown error occurred
%!(EXTRA string=Error)
2024/04/05 07:03:18 [2024-04-05 07:03:18][] Unknown error occurred
%!(EXTRA string=Error)
2024/04/05 07:03:57 [2024-04-05 07:03:57][] Unknown error occurred
%!(EXTRA string=Error)
2024/04/05 07:05:52 [2024-04-05 07:05:52][] Unknown error occurred
%!(EXTRA string=Error)
2024/04/05 07:07:14 [2024-04-05 07:07:14][] Unknown error occurred
%!(EXTRA string=Error)
2024/04/05 07:07:28 [2024-04-05 07:07:28][] Unknown error occurred
%!(EXTRA string=Error)
2024/04/05 07:07:55 [2024-04-05 07:07:55][] Unknown error occurred
%!(EXTRA string=Error)
2024/04/05 07:08:15 [2024-04-05 07:08:15][] Unknown error occurred
%!(EXTRA string=Error)
2024/04/05 07:08:50 [2024-04-05 07:08:50][] Unknown error occurred
%!(EXTRA string=Error)
2024/04/05 12:45:14 [2024-04-05 12:45:14][] Unknown error occurred
%!(EXTRA string=Error)
2024/04/05 12:46:59 [2024-04-05 12:46:59][] Unknown error occurred
%!(EXTRA string=Error)
2024/04/05 12:47:11 [2024-04-05 12:47:11][Error] 
%!(EXTRA *errors.errorString=failed to connect to the database: failed to connect to `host=127.0.0.1 user=postgres database=warranty`: failed SASL auth (FATAL: password authentication failed for user "postgres" (SQLSTATE 28P01)))
2024/04/05 12:47:27 [2024-04-05 12:47:27][Error] 
%!(EXTRA *errors.errorString=failed to connect to the database: failed to connect to `host=127.0.0.1 user=postgres database=warranty``: server error (FATAL: database "warranty`" does not exist (SQLSTATE 3D000)))
2024/04/06 17:50:37 [2024-04-06 17:50:37][] Unknown error occurred
%!(EXTRA string=Error)
2024/04/06 17:54:17 [2024-04-06 17:54:17][] Unknown error occurred
%!(EXTRA string=Error)
2024/04/06 17:54:52 [2024-04-06 17:54:52][] Unknown error occurred
%!(EXTRA string=Error)
2024/04/06 17:56:37 [2024-04-06 17:56:37][] Unknown error occurred
%!(EXTRA string=Error)
2024/04/06 17:57:43 [2024-04-06 17:57:43][] Unknown error occurred
%!(EXTRA string=Error)
2024/04/06 17:59:39 [2024-04-06 17:59:39][] Unknown error occurred
%!(EXTRA string=Error)
2024/04/06 18:08:20 [2024-04-06 18:08:20][] Unknown error occurred
%!(EXTRA string=Error)
2024/04/06 18:08:37 [2024-04-06 18:08:37][] Unknown error occurred
%!(EXTRA string=Error)
2024/04/06 18:09:02 [2024-04-06 18:09:02][] Unknown error occurred
%!(EXTRA string=Error)
2024/04/06 18:09:12 [2024-04-06 18:09:12][] Unknown error occurred
%!(EXTRA string=Error)
2024/04/07 11:05:30 [2024-04-07 11:05:30][] Unknown error occurred
%!(EXTRA string=Error)
2024/04/07 11:06:36 [2024-04-07 11:06:36][] Unknown error occurred
%!(EXTRA string=Error)
2024/04/07 11:06:50 [2024-04-07 11:06:50][] Unknown error occurred
%!(EXTRA string=Error)
2024/04/07 11:06:59 [2024-04-07 11:06:59][] Unknown error occurred
%!(EXTRA string=Error)
2024/04/07 11:07:14 [2024-04-07 11:07:14][] Unknown error occurred
%!(EXTRA string=Error)
2024/04/07 11:07:36 [2024-04-07 11:07:36][] Unknown error occurred
%!(EXTRA string=Error)
2024/04/07 11:07:49 [2024-04-07 11:07:49][] Unknown error occurred
%!(EXTRA string=Error)
2024/04/07 11:23:54 [2024-04-07 11:23:54][] Unknown error occurred
%!(EXTRA string=Error)
2024/04/07 11:24:09 [2024-04-07 11:24:09][] Unknown error occurred
%!(EXTRA string=Error)
2024/04/07 11:24:18 [2024-04-07 11:24:18][] Unknown error occurred
%!(EXTRA string=Error)
2024/04/07 11:24:25 [2024-04-07 11:24:25][] Unknown error occurred
%!(EXTRA string=Error)
2024/04/07 11:24:47 [2024-04-07 11:24:47][] Unknown error occurred
%!(EXTRA string=Error)
2024/04/07 11:34:03 [2024-04-07 11:34:03][] Unknown error occurred
%!(EXTRA string=Error)
2024/04/07 11:40:30 [2024-04-07 11:40:30][] Unknown error occurred
%!(EXTRA string=Error)
2024/04/07 11:40:36 [2024-04-07 11:40:36][] Unknown error occurred
%!(EXTRA string=Error)
2024/04/07 11:40:42 [2024-04-07 11:40:42][] Unknown error occurred
%!(EXTRA string=Error)
2024/04/07 11:40:43 [2024-04-07 11:40:43][] Unknown error occurred
%!(EXTRA string=Error)
2024/04/07 11:40:48 [2024-04-07 11:40:48][] Unknown error occurred
%!(EXTRA string=Error)
2024/04/07 11:40:49 [2024-04-07 11:40:49][] Unknown error occurred
%!(EXTRA string=Error)
2024/04/07 11:40:49 [2024-04-07 11:40:49][] Unknown error occurred
%!(EXTRA string=Error)
2024/04/07 11:46:50 [2024-04-07 11:46:50][] Unknown error occurred
%!(EXTRA string=Error)
2024/04/07 11:49:46 [2024-04-07 11:49:46][] Unknown error occurred
%!(EXTRA string=Error)
2024/04/07 11:49:46 [2024-04-07 11:49:46][] Unknown error occurred
%!(EXTRA string=Error)
2024/04/07 11:49:46 [2024-04-07 11:49:46][] Unknown error occurred
%!(EXTRA string=Error)
2024/04/07 14:16:35 [2024-04-07 14:16:35][] Unknown error occurred
%!(EXTRA string=Error)
2024/04/07 14:41:05 [2024-04-07 14:41:05][] Unknown error occurred
%!(EXTRA string=Error)
2024/04/07 16:06:01 [2024-04-07 16:06:01][] Unknown error occurred
%!(EXTRA string=Error)
2024/04/07 16:31:12 [2024-04-07 16:31:12][] Unknown error occurred
%!(EXTRA string=Error)
2024/04/07 16:35:08 [2024-04-07 16:35:08][] Unknown error occurred
%!(EXTRA string=Error)
2024/04/07 16:48:13 [2024-04-07 16:48:13][] Unknown error occurred
%!(EXTRA string=Error)
2024/04/07 16:51:17 [2024-04-07 16:51:17][] Unknown error occurred
%!(EXTRA string=Error)
2024/04/07 16:57:15 [2024-04-07 16:57:15][] Unknown error occurred
%!(EXTRA string=Error)
2024/04/07 16:57:24 [2024-04-07 16:57:24][] Unknown error occurred
%!(EXTRA string=Error)
2024/04/07 16:58:20 [2024-04-07 16:58:20][] Unknown error occurred
%!(EXTRA string=Error)
2024/04/07 16:58:23 [2024-04-07 16:58:23][] Unknown error occurred
%!(EXTRA string=Error)
2024/04/07 17:01:56 [2024-04-07 17:01:56][] Unknown error occurred
%!(EXTRA string=Error)
2024/04/07 17:01:57 [2024-04-07 17:01:57][] Unknown error occurred
%!(EXTRA string=Error)
2024/04/07 17:04:55 [2024-04-07 17:04:55][] Unknown error occurred
%!(EXTRA string=Error)
2024/04/07 17:05:02 [2024-04-07 17:05:02][] Unknown error occurred
%!(EXTRA string=Error)
2024/04/07 17:05:47 [2024-04-07 17:05:47][] Unknown error occurred
%!(EXTRA string=Error)
2024/04/07 17:06:00 [2024-04-07 17:06:00][] Unknown error occurred
%!(EXTRA string=Error)
2024/04/07 17:07:04 [2024-04-07 17:07:04][] Unknown error occurred
%!(EXTRA string=Error)
2024/04/07 17:07:04 [2024-04-07 17:07:04][] Unknown error occurred
%!(EXTRA string=Error)
2024/04/07 17:07:05 [2024-04-07 17:07:05][] Unknown error occurred
%!(EXTRA string=Error)
2024/04/07 17:08:05 [2024-04-07 17:08:05][] Unknown error occurred
%!(EXTRA string=Error)
2024/04/07 17:10:25 [2024-04-07 17:10:25][] Unknown error occurred
%!(EXTRA string=Error)
2024/04/07 17:10:50 [2024-04-07 17:10:50][] Unknown error occurred
%!(EXTRA string=Error)
2024/04/07 17:16:48 [2024-04-07 17:16:48][] Unknown error occurred
%!(EXTRA string=Error)
2024/04/07 17:16:53 [2024-04-07 17:16:53][] Unknown error occurred
%!(EXTRA string=Error)
2024/04/07 17:19:25 [2024-04-07 17:19:25][] Unknown error occurred
%!(EXTRA string=Error)
2024/04/07 17:19:32 [2024-04-07 17:19:32][] Unknown error occurred
%!(EXTRA string=Error)
2024/04/07 10:39:02 [2024-04-07 10:39:02][Error] 
%!(EXTRA *errors.errorString=failed to connect to the database: failed to connect to `host=127.0.0.1 user=postgres database=warranty`: failed SASL auth (FATAL: password authentication failed for user "postgres" (SQLSTATE 28P01)))
2024/04/07 10:39:57 [2024-04-07 10:39:57][] Unknown error occurred
%!(EXTRA string=Error)
2024/04/07 10:40:03 [2024-04-07 10:40:03][] Unknown error occurred
%!(EXTRA string=Error)
2024/04/07 10:40:03 [2024-04-07 10:40:03][] Unknown error occurred
%!(EXTRA string=Error)
2024/04/07 10:40:03 [2024-04-07 10:40:03][] Unknown error occurred
%!(EXTRA string=Error)
2024/04/07 10:52:40 [2024-04-07 10:52:40][] Unknown error occurred
%!(EXTRA string=Error)
2024/04/07 10:52:40 [2024-04-07 10:52:40][] Unknown error occurred
%!(EXTRA string=Error)
2024/04/07 10:52:40 [2024-04-07 10:52:40][] Unknown error occurred
%!(EXTRA string=Error)
2024/04/07 10:53:07 [2024-04-07 10:53:07][] Unknown error occurred
%!(EXTRA string=Error)
2024/04/07 10:53:45 [2024-04-07 10:53:45][] Unknown error occurred
%!(EXTRA string=Error)
2024/04/07 10:53:51 [2024-04-07 10:53:51][] Unknown error occurred
%!(EXTRA string=Error)
2024/04/07 10:54:57 [2024-04-07 10:54:57][] Unknown error occurred
%!(EXTRA string=Error)
2024/04/07 10:55:07 [2024-04-07 10:55:07][] Unknown error occurred
%!(EXTRA string=Error)
2024/04/07 10:55:08 [2024-04-07 10:55:08][] Unknown error occurred
%!(EXTRA string=Error)
2024/04/07 10:55:08 [2024-04-07 10:55:08][] Unknown error occurred
%!(EXTRA string=Error)
2024/04/07 12:43:27 [2024-04-07 12:43:27][] Unknown error occurred
%!(EXTRA string=Error)
2024/04/07 12:43:38 [2024-04-07 12:43:38][] Unknown error occurred
%!(EXTRA string=Error)
2024/04/07 12:47:00 [2024-04-07 12:47:00][] Unknown error occurred
%!(EXTRA string=Error)
2024/04/07 12:47:06 [2024-04-07 12:47:06][] Unknown error occurred
%!(EXTRA string=Error)
2024/04/07 12:47:38 [2024-04-07 12:47:38][] Unknown error occurred
%!(EXTRA string=Error)
2024/04/07 12:47:55 [2024-04-07 12:47:55][] Unknown error occurred
%!(EXTRA string=Error)
2024/04/07 13:01:07 [2024-04-07 13:01:07][] Unknown error occurred
%!(EXTRA string=Error)
2024/04/07 13:01:43 [2024-04-07 13:01:43][] Unknown error occurred
%!(EXTRA string=Error)
2024/04/07 13:10:31 [2024-04-07 13:10:31][] Unknown error occurred
%!(EXTRA string=Error)
2024/04/07 13:10:37 [2024-04-07 13:10:37][] Unknown error occurred
%!(EXTRA string=Error)
2024/04/07 13:11:17 [2024-04-07 13:11:17][] Unknown error occurred
%!(EXTRA string=Error)
2024/04/07 13:11:22 [2024-04-07 13:11:22][] Unknown error occurred
%!(EXTRA string=Error)
2024/04/07 13:11:55 [2024-04-07 13:11:55][] Unknown error occurred
%!(EXTRA string=Error)
2024/04/07 13:12:00 [2024-04-07 13:12:00][] Unknown error occurred
%!(EXTRA string=Error)
2024/04/07 13:50:35 [2024-04-07 13:50:35][] Unknown error occurred
%!(EXTRA string=Error)
2024/04/07 13:50:41 [2024-04-07 13:50:41][] Unknown error occurred
%!(EXTRA string=Error)
2024/04/07 14:01:10 [2024-04-07 14:01:10][] Unknown error occurred
%!(EXTRA string=Error)
2024/04/07 14:01:37 [2024-04-07 14:01:37][] Unknown error occurred
%!(EXTRA string=Error)
2024/04/07 14:14:39 [2024-04-07 14:14:39][] Unknown error occurred
%!(EXTRA string=Error)
2024/04/07 14:15:00 [2024-04-07 14:15:00][] Unknown error occurred
%!(EXTRA string=Error)
2024/04/07 14:17:51 [2024-04-07 14:17:51][] Unknown error occurred
%!(EXTRA string=Error)
2024/04/07 14:17:56 [2024-04-07 14:17:56][] Unknown error occurred
%!(EXTRA string=Error)
2024/04/07 14:19:40 [2024-04-07 14:19:40][] Unknown error occurred
%!(EXTRA string=Error)
2024/04/07 14:19:46 [2024-04-07 14:19:46][] Unknown error occurred
%!(EXTRA string=Error)
2024/04/07 14:27:13 [2024-04-07 14:27:13][] Unknown error occurred
%!(EXTRA string=Error)
2024/04/07 14:27:29 [2024-04-07 14:27:29][] Unknown error occurred
%!(EXTRA string=Error)
2024/04/07 14:39:16 [2024-04-07 14:39:16][] Unknown error occurred
%!(EXTRA string=Error)
2024/04/07 14:39:23 [2024-04-07 14:39:23][] Unknown error occurred
%!(EXTRA string=Error)
2024/04/08 08:48:37 [2024-04-08 08:48:37][] Unknown error occurred
%!(EXTRA string=Error)
2024/04/08 09:06:06 [2024-04-08 09:06:06][] Unknown error occurred
%!(EXTRA string=Error)
2024/04/08 10:26:17 [2024-04-08 10:26:17][] Unknown error occurred
%!(EXTRA string=Error)
2024/04/08 10:26:29 [2024-04-08 10:26:29][] Unknown error occurred
%!(EXTRA string=Error)
2024/04/08 10:50:57 [2024-04-08 10:50:56][] Unknown error occurred
%!(EXTRA string=Error)
2024/04/08 10:52:10 [2024-04-08 10:52:10][] Unknown error occurred
%!(EXTRA string=Error)
2024/04/08 10:57:10 [2024-04-08 10:57:10][] Unknown error occurred
%!(EXTRA string=Error)
2024/04/08 10:57:18 [2024-04-08 10:57:18][] Unknown error occurred
%!(EXTRA string=Error)
2024/04/08 10:58:57 [2024-04-08 10:58:57][] Unknown error occurred
%!(EXTRA string=Error)
2024/04/08 10:59:02 [2024-04-08 10:59:02][] Unknown error occurred
%!(EXTRA string=Error)
2024/04/08 11:01:16 [2024-04-08 11:01:16][] Unknown error occurred
%!(EXTRA string=Error)
2024/04/08 11:01:21 [2024-04-08 11:01:21][] Unknown error occurred
%!(EXTRA string=Error)
2024/04/08 11:10:59 [2024-04-08 11:10:59][] Unknown error occurred
%!(EXTRA string=Error)
2024/04/08 11:11:05 [2024-04-08 11:11:05][] Unknown error occurred
%!(EXTRA string=Error)
2024/04/08 11:16:50 [2024-04-08 11:16:50][] Unknown error occurred
%!(EXTRA string=Error)
2024/04/08 11:17:08 [2024-04-08 11:17:08][] Unknown error occurred
%!(EXTRA string=Error)
2024/04/08 11:32:30 [2024-04-08 11:32:30][] Unknown error occurred
%!(EXTRA string=Error)
2024/04/08 11:33:13 [2024-04-08 11:33:13][] Unknown error occurred
%!(EXTRA string=Error)
2024/04/08 11:33:19 [2024-04-08 11:33:19][] Unknown error occurred
%!(EXTRA string=Error)
2024/04/08 11:34:13 [2024-04-08 11:34:13][] Unknown error occurred
%!(EXTRA string=Error)
2024/04/08 11:34:15 [2024-04-08 11:34:15][] Unknown error occurred
%!(EXTRA string=Error)
2024/04/08 11:36:02 [2024-04-08 11:36:02][] Unknown error occurred
%!(EXTRA string=Error)
2024/04/08 11:36:07 [2024-04-08 11:36:07][] Unknown error occurred
%!(EXTRA string=Error)
2024/04/08 11:36:14 [2024-04-08 11:36:14][] Unknown error occurred
%!(EXTRA string=Error)
2024/04/08 11:37:07 [2024-04-08 11:37:07][] Unknown error occurred
%!(EXTRA string=Error)
2024/04/08 11:38:54 [2024-04-08 11:38:54][] Unknown error occurred
%!(EXTRA string=Error)
2024/04/08 11:40:03 [2024-04-08 11:40:03][] Unknown error occurred
%!(EXTRA string=Error)
2024/04/08 11:40:12 [2024-04-08 11:40:12][] Unknown error occurred
%!(EXTRA string=Error)
2024/04/08 11:45:55 [2024-04-08 11:45:55][] Unknown error occurred
%!(EXTRA string=Error)
2024/04/08 11:48:00 [2024-04-08 11:48:00][] Unknown error occurred
%!(EXTRA string=Error)
2024/04/08 11:50:29 [2024-04-08 11:50:29][] Unknown error occurred
%!(EXTRA string=Error)
2024/04/08 11:51:05 [2024-04-08 11:51:05][] Unknown error occurred
%!(EXTRA string=Error)
2024/04/08 12:02:02 [2024-04-08 12:02:02][] Unknown error occurred
%!(EXTRA string=Error)
2024/04/08 12:02:08 [2024-04-08 12:02:08][] Unknown error occurred
%!(EXTRA string=Error)
2024/04/08 12:02:18 [2024-04-08 12:02:18][] Unknown error occurred
%!(EXTRA string=Error)
2024/04/08 12:45:36 [2024-04-08 12:45:36][] Unknown error occurred
%!(EXTRA string=Error)
2024/04/08 12:47:03 [2024-04-08 12:47:03][] Unknown error occurred
%!(EXTRA string=Error)
2024/04/08 12:48:23 [2024-04-08 12:48:23][] Unknown error occurred
%!(EXTRA string=Error)
2024/04/08 12:48:27 [2024-04-08 12:48:27][] Unknown error occurred
%!(EXTRA string=Error)
2024/04/08 12:54:14 [2024-04-08 12:54:14][] Unknown error occurred
%!(EXTRA string=Error)
2024/04/08 12:55:26 [2024-04-08 12:55:26][] Unknown error occurred
%!(EXTRA string=Error)
2024/04/08 13:20:49 [2024-04-08 13:20:49][] Unknown error occurred
%!(EXTRA string=Error)
2024/04/08 13:23:18 [2024-04-08 13:23:18][] Unknown error occurred
%!(EXTRA string=Error)
2024/04/08 13:23:36 [2024-04-08 13:23:36][] Unknown error occurred
%!(EXTRA string=Error)
2024/04/08 13:24:15 [2024-04-08 13:24:15][] Unknown error occurred
%!(EXTRA string=Error)
2024/04/08 13:37:21 [2024-04-08 13:37:21][] Unknown error occurred
%!(EXTRA string=Error)
2024/04/08 13:37:59 [2024-04-08 13:37:59][] Unknown error occurred
%!(EXTRA string=Error)
2024/04/08 13:41:10 [2024-04-08 13:41:10][] Unknown error occurred
%!(EXTRA string=Error)
2024/04/08 13:57:52 [2024-04-08 13:57:52][] Unknown error occurred
%!(EXTRA string=Error)
2024/04/08 13:59:07 [2024-04-08 13:59:07][] Unknown error occurred
%!(EXTRA string=Error)
2024/04/10 02:32:17 [2024-04-10 02:32:17][] Unknown error occurred
%!(EXTRA string=Error)
2024/04/10 02:41:40 [2024-04-10 02:41:40][] Unknown error occurred
%!(EXTRA string=Error)
2024/04/10 02:43:23 [2024-04-10 02:43:23][] Unknown error occurred
%!(EXTRA string=Error)
2024/04/10 04:43:24 [2024-04-10 04:43:24][] Unknown error occurred
%!(EXTRA string=Error)
2024/04/10 04:43:55 [2024-04-10 04:43:55][] Unknown error occurred
%!(EXTRA string=Error)
2024/04/10 04:45:11 [2024-04-10 04:45:11][] Unknown error occurred
%!(EXTRA string=Error)
2024/04/10 04:45:17 [2024-04-10 04:45:17][] Unknown error occurred
%!(EXTRA string=Error)
2024/04/10 04:47:36 [2024-04-10 04:47:36][] Unknown error occurred
%!(EXTRA string=Error)
2024/04/10 04:47:44 [2024-04-10 04:47:44][] Unknown error occurred
%!(EXTRA string=Error)
2024/04/10 04:51:14 [2024-04-10 04:51:14][] Unknown error occurred
%!(EXTRA string=Error)
2024/04/10 04:51:22 [2024-04-10 04:51:22][] Unknown error occurred
%!(EXTRA string=Error)
2024/04/10 04:57:23 [2024-04-10 04:57:23][] Unknown error occurred
%!(EXTRA string=Error)
2024/04/10 04:57:31 [2024-04-10 04:57:31][] Unknown error occurred
%!(EXTRA string=Error)
2024/04/10 05:00:04 [2024-04-10 05:00:04][] Unknown error occurred
%!(EXTRA string=Error)
2024/04/10 05:00:13 [2024-04-10 05:00:13][] Unknown error occurred
%!(EXTRA string=Error)
2024/04/10 05:00:51 [2024-04-10 05:00:51][] Unknown error occurred
%!(EXTRA string=Error)
2024/04/10 05:00:57 [2024-04-10 05:00:57][] Unknown error occurred
%!(EXTRA string=Error)
2024/04/10 05:01:46 [2024-04-10 05:01:46][] Unknown error occurred
%!(EXTRA string=Error)
2024/04/10 05:03:36 [2024-04-10 05:03:36][] Unknown error occurred
%!(EXTRA string=Error)
2024/04/10 05:03:42 [2024-04-10 05:03:42][] Unknown error occurred
%!(EXTRA string=Error)
2024/04/10 05:04:57 [2024-04-10 05:04:57][] Unknown error occurred
%!(EXTRA string=Error)
2024/04/10 05:05:04 [2024-04-10 05:05:04][] Unknown error occurred
%!(EXTRA string=Error)
2024/04/10 05:05:48 [2024-04-10 05:05:48][] Unknown error occurred
%!(EXTRA string=Error)
2024/04/10 05:05:50 [2024-04-10 05:05:50][] Unknown error occurred
%!(EXTRA string=Error)
2024/04/10 05:06:24 [2024-04-10 05:06:24][] Unknown error occurred
%!(EXTRA string=Error)
2024/04/10 05:07:46 [2024-04-10 05:07:46][] Unknown error occurred
%!(EXTRA string=Error)
2024/04/10 05:07:53 [2024-04-10 05:07:53][] Unknown error occurred
%!(EXTRA string=Error)
2024/04/10 05:13:16 [2024-04-10 05:13:16][] Unknown error occurred
%!(EXTRA string=Error)
2024/04/10 05:13:24 [2024-04-10 05:13:24][] Unknown error occurred
%!(EXTRA string=Error)
2024/04/10 05:14:33 [2024-04-10 05:14:33][] Unknown error occurred
%!(EXTRA string=Error)
2024/04/10 05:14:38 [2024-04-10 05:14:38][] Unknown error occurred
%!(EXTRA string=Error)
2024/04/10 05:19:38 [2024-04-10 05:19:38][] Unknown error occurred
%!(EXTRA string=Error)
2024/04/10 05:19:46 [2024-04-10 05:19:46][] Unknown error occurred
%!(EXTRA string=Error)
2024/04/10 05:22:06 [2024-04-10 05:22:06][] Unknown error occurred
%!(EXTRA string=Error)
2024/04/10 05:22:12 [2024-04-10 05:22:12][] Unknown error occurred
%!(EXTRA string=Error)
2024/04/10 05:26:16 [2024-04-10 05:26:16][] Unknown error occurred
%!(EXTRA string=Error)
2024/04/10 05:26:21 [2024-04-10 05:26:21][] Unknown error occurred
%!(EXTRA string=Error)
2024/04/10 05:27:05 [2024-04-10 05:27:05][] Unknown error occurred
%!(EXTRA string=Error)
2024/04/10 05:27:14 [2024-04-10 05:27:14][] Unknown error occurred
%!(EXTRA string=Error)
2024/04/10 05:27:17 [2024-04-10 05:27:17][] Unknown error occurred
%!(EXTRA string=Error)
2024/04/10 05:29:40 [2024-04-10 05:29:40][] Unknown error occurred
%!(EXTRA string=Error)
2024/04/10 05:31:29 [2024-04-10 05:31:29][] Unknown error occurred
%!(EXTRA string=Error)
2024/04/10 05:31:36 [2024-04-10 05:31:36][] Unknown error occurred
%!(EXTRA string=Error)
2024/04/10 05:31:46 [2024-04-10 05:31:46][] Unknown error occurred
%!(EXTRA string=Error)
2024/04/10 05:31:48 [2024-04-10 05:31:48][] Unknown error occurred
%!(EXTRA string=Error)
2024/04/10 05:31:50 [2024-04-10 05:31:50][] Unknown error occurred
%!(EXTRA string=Error)
2024/04/10 05:32:41 [2024-04-10 05:32:41][] Unknown error occurred
%!(EXTRA string=Error)
2024/04/10 05:32:46 [2024-04-10 05:32:46][] Unknown error occurred
%!(EXTRA string=Error)
2024/04/10 05:32:48 [2024-04-10 05:32:48][] Unknown error occurred
%!(EXTRA string=Error)
2024/04/10 05:33:03 [2024-04-10 05:33:03][] Unknown error occurred
%!(EXTRA string=Error)
2024/04/10 05:41:35 [2024-04-10 05:41:35][] Unknown error occurred
%!(EXTRA string=Error)
2024/04/10 05:41:39 [2024-04-10 05:41:39][] Unknown error occurred
%!(EXTRA string=Error)
2024/04/10 05:47:44 [2024-04-10 05:47:44][] Unknown error occurred
%!(EXTRA string=Error)
2024/04/10 05:47:52 [2024-04-10 05:47:52][] Unknown error occurred
%!(EXTRA string=Error)
2024/04/10 05:52:52 [2024-04-10 05:52:52][] Unknown error occurred
%!(EXTRA string=Error)
2024/04/10 05:52:57 [2024-04-10 05:52:57][] Unknown error occurred
%!(EXTRA string=Error)
2024/04/10 05:56:32 [2024-04-10 05:56:32][] Unknown error occurred
%!(EXTRA string=Error)
2024/04/10 05:56:37 [2024-04-10 05:56:37][] Unknown error occurred
%!(EXTRA string=Error)
2024/04/10 05:58:11 [2024-04-10 05:58:11][] Unknown error occurred
%!(EXTRA string=Error)
2024/04/10 05:58:15 [2024-04-10 05:58:15][] Unknown error occurred
%!(EXTRA string=Error)
2024/04/10 06:04:01 [2024-04-10 06:04:01][] Unknown error occurred
%!(EXTRA string=Error)
2024/04/10 06:04:06 [2024-04-10 06:04:06][] Unknown error occurred
%!(EXTRA string=Error)
2024/04/10 06:33:46 [2024-04-10 06:33:46][] Unknown error occurred
%!(EXTRA string=Error)
2024/04/10 06:47:32 [2024-04-10 06:47:32][] Unknown error occurred
%!(EXTRA string=Error)
2024/04/10 06:47:40 [2024-04-10 06:47:40][] Unknown error occurred
%!(EXTRA string=Error)
2024/04/10 06:47:58 [2024-04-10 06:47:58][] Unknown error occurred
%!(EXTRA string=Error)
2024/04/10 07:06:00 [2024-04-10 07:06:00][] Unknown error occurred
%!(EXTRA string=Error)
2024/04/10 07:06:45 [2024-04-10 07:06:45][] Unknown error occurred
%!(EXTRA string=Error)
2024/04/10 07:07:02 [2024-04-10 07:07:02][] Unknown error occurred
%!(EXTRA string=Error)
2024/04/10 07:08:00 [2024-04-10 07:08:00][] Unknown error occurred
%!(EXTRA string=Error)
2024/04/10 07:08:10 [2024-04-10 07:08:10][] Unknown error occurred
%!(EXTRA string=Error)
2024/04/10 07:08:22 [2024-04-10 07:08:22][] Unknown error occurred
%!(EXTRA string=Error)
2024/04/10 07:10:02 [2024-04-10 07:10:02][] Unknown error occurred
%!(EXTRA string=Error)
2024/04/10 07:12:33 [2024-04-10 07:12:33][] Unknown error occurred
%!(EXTRA string=Error)
2024/04/10 07:13:32 [2024-04-10 07:13:32][] Unknown error occurred
%!(EXTRA string=Error)
2024/04/10 07:13:47 [2024-04-10 07:13:47][] Unknown error occurred
%!(EXTRA string=Error)
2024/04/10 07:14:37 [2024-04-10 07:14:37][] Unknown error occurred
%!(EXTRA string=Error)
2024/04/10 07:15:53 [2024-04-10 07:15:53][] Unknown error occurred
%!(EXTRA string=Error)
2024/04/10 07:20:32 [2024-04-10 07:20:32][] Unknown error occurred
%!(EXTRA string=Error)
2024/04/10 07:23:59 [2024-04-10 07:23:59][] Unknown error occurred
%!(EXTRA string=Error)
2024/04/10 07:25:21 [2024-04-10 07:25:21][] Unknown error occurred
%!(EXTRA string=Error)
2024/04/10 07:26:34 [2024-04-10 07:26:34][] Unknown error occurred
%!(EXTRA string=Error)
2024/04/10 07:31:43 [2024-04-10 07:31:43][] Unknown error occurred
%!(EXTRA string=Error)
2024/04/10 07:33:09 [2024-04-10 07:33:09][] Unknown error occurred
%!(EXTRA string=Error)
2024/04/10 07:33:20 [2024-04-10 07:33:20][] Unknown error occurred
%!(EXTRA string=Error)
2024/04/10 07:41:33 [2024-04-10 07:41:33][] Unknown error occurred
%!(EXTRA string=Error)
2024/04/10 07:44:38 [2024-04-10 07:44:38][] Unknown error occurred
%!(EXTRA string=Error)
2024/04/10 07:45:13 [2024-04-10 07:45:13][] Unknown error occurred
%!(EXTRA string=Error)
2024/04/10 07:51:43 [2024-04-10 07:51:43][] Unknown error occurred
%!(EXTRA string=Error)
2024/04/10 07:52:11 [2024-04-10 07:52:11][] Unknown error occurred
%!(EXTRA string=Error)
2024/04/10 07:56:42 [2024-04-10 07:56:42][] Unknown error occurred
%!(EXTRA string=Error)
2024/04/10 08:05:39 [2024-04-10 08:05:39][] Unknown error occurred
%!(EXTRA string=Error)
2024/04/10 08:06:45 [2024-04-10 08:06:45][] Unknown error occurred
%!(EXTRA string=Error)
2024/04/10 08:07:35 [2024-04-10 08:07:35][] Unknown error occurred
%!(EXTRA string=Error)
2024/04/10 08:08:44 [2024-04-10 08:08:44][] Unknown error occurred
%!(EXTRA string=Error)
2024/04/10 08:09:33 [2024-04-10 08:09:33][] Unknown error occurred
%!(EXTRA string=Error)
2024/04/10 08:13:39 [2024-04-10 08:13:39][] Unknown error occurred
%!(EXTRA string=Error)
2024/04/10 08:18:44 [2024-04-10 08:18:44][] Unknown error occurred
%!(EXTRA string=Error)
2024/04/10 08:39:59 [2024-04-10 08:39:59][] Unknown error occurred
%!(EXTRA string=Error)
2024/04/10 08:40:27 [2024-04-10 08:40:27][] Unknown error occurred
%!(EXTRA string=Error)
2024/04/10 08:40:36 [2024-04-10 08:40:36][] Unknown error occurred
%!(EXTRA string=Error)
2024/04/10 08:40:54 [2024-04-10 08:40:54][] Unknown error occurred
%!(EXTRA string=Error)
2024/04/10 08:41:34 [2024-04-10 08:41:34][] Unknown error occurred
%!(EXTRA string=Error)
2024/04/10 08:41:43 [2024-04-10 08:41:43][] Unknown error occurred
%!(EXTRA string=Error)
2024/04/10 08:44:12 [2024-04-10 08:44:12][] Unknown error occurred
%!(EXTRA string=Error)
2024/04/10 08:44:19 [2024-04-10 08:44:19][] Unknown error occurred
%!(EXTRA string=Error)
2024/04/10 08:45:42 [2024-04-10 08:45:42][] Unknown error occurred
%!(EXTRA string=Error)
2024/04/10 08:45:53 [2024-04-10 08:45:53][] Unknown error occurred
%!(EXTRA string=Error)
2024/04/10 08:45:58 [2024-04-10 08:45:58][] Unknown error occurred
%!(EXTRA string=Error)
2024/04/10 08:55:44 [2024-04-10 08:55:44][] Unknown error occurred
%!(EXTRA string=Error)
2024/04/10 09:00:59 [2024-04-10 09:00:59][] Unknown error occurred
%!(EXTRA string=Error)
2024/04/10 09:01:07 [2024-04-10 09:01:07][] Unknown error occurred
%!(EXTRA string=Error)
2024/04/10 09:20:52 [2024-04-10 09:20:52][] Unknown error occurred
%!(EXTRA string=Error)
